<?xml version="1.0" encoding="UTF-8"?>
<!-- Generated by org.testng.reporters.JUnitReportReporter -->
<testsuite skipped="1" hostname="DESKTOP-HDOBLQ8" name="testLibrary.HomePageTest" tests="1" failures="0" timestamp="12 May 2019 14:02:57 GMT" time="0.000" errors="0">
  <testcase name="makeBookingE2ETest" time="0.000" classname="testLibrary.HomePageTest">
    <skipped/>
  </testcase> <!-- makeBookingE2ETest -->
</testsuite> <!-- testLibrary.HomePageTest -->
